<?xml version="1.0" encoding="UTF-8"?>
<testsuite xmlns:xsi="http://www.w3.org/2001/XMLSchema-instance" xsi:noNamespaceSchemaLocation="https://maven.apache.org/surefire/maven-surefire-plugin/xsd/surefire-test-report-3.0.xsd" version="3.0" name="com.example.DemoTest" time="2.662" tests="1" errors="0" skipped="0" failures="0">
  <properties>
    <property name="java.specification.version" value="17"/>
    <property name="sun.cpu.isalist" value="amd64"/>
    <property name="sun.jnu.encoding" value="Cp1252"/>
    <property name="java.class.path" value="D:\demo\target\test-classes;D:\demo\target\classes;C:\Users\mante\.m2\repository\io\micronaut\micronaut-http-server-netty\4.0.0\micronaut-http-server-netty-4.0.0.jar;C:\Users\mante\.m2\repository\org\slf4j\slf4j-api\2.0.7\slf4j-api-2.0.7.jar;C:\Users\mante\.m2\repository\io\micronaut\micronaut-http-server\4.0.0\micronaut-http-server-4.0.0.jar;C:\Users\mante\.m2\repository\io\micronaut\micronaut-router\4.0.0\micronaut-router-4.0.0.jar;C:\Users\mante\.m2\repository\io\micronaut\micronaut-core\4.0.0\micronaut-core-4.0.0.jar;C:\Users\mante\.m2\repository\io\micronaut\micronaut-http-netty\4.0.0\micronaut-http-netty-4.0.0.jar;C:\Users\mante\.m2\repository\io\micronaut\micronaut-buffer-netty\4.0.0\micronaut-buffer-netty-4.0.0.jar;C:\Users\mante\.m2\repository\io\netty\netty-codec-http2\4.1.94.Final\netty-codec-http2-4.1.94.Final.jar;C:\Users\mante\.m2\repository\io\netty\netty-handler\4.1.94.Final\netty-handler-4.1.94.Final.jar;C:\Users\mante\.m2\repository\io\netty\netty-resolver\4.1.94.Final\netty-resolver-4.1.94.Final.jar;C:\Users\mante\.m2\repository\io\netty\netty-transport-native-unix-common\4.1.94.Final\netty-transport-native-unix-common-4.1.94.Final.jar;C:\Users\mante\.m2\repository\io\netty\netty-codec-http\4.1.94.Final\netty-codec-http-4.1.94.Final.jar;C:\Users\mante\.m2\repository\io\netty\netty-common\4.1.94.Final\netty-common-4.1.94.Final.jar;C:\Users\mante\.m2\repository\io\netty\netty-buffer\4.1.94.Final\netty-buffer-4.1.94.Final.jar;C:\Users\mante\.m2\repository\io\netty\netty-transport\4.1.94.Final\netty-transport-4.1.94.Final.jar;C:\Users\mante\.m2\repository\io\netty\netty-codec\4.1.94.Final\netty-codec-4.1.94.Final.jar;C:\Users\mante\.m2\repository\io\projectreactor\reactor-core\3.5.7\reactor-core-3.5.7.jar;C:\Users\mante\.m2\repository\org\reactivestreams\reactive-streams\1.0.4\reactive-streams-1.0.4.jar;C:\Users\mante\.m2\repository\io\micronaut\micronaut-jackson-databind\4.0.0\micronaut-jackson-databind-4.0.0.jar;C:\Users\mante\.m2\repository\io\micronaut\micronaut-jackson-core\4.0.0\micronaut-jackson-core-4.0.0.jar;C:\Users\mante\.m2\repository\com\fasterxml\jackson\core\jackson-core\2.15.1\jackson-core-2.15.1.jar;C:\Users\mante\.m2\repository\com\fasterxml\jackson\core\jackson-databind\2.15.2\jackson-databind-2.15.2.jar;C:\Users\mante\.m2\repository\com\fasterxml\jackson\datatype\jackson-datatype-jdk8\2.15.1\jackson-datatype-jdk8-2.15.1.jar;C:\Users\mante\.m2\repository\com\fasterxml\jackson\datatype\jackson-datatype-jsr310\2.15.1\jackson-datatype-jsr310-2.15.1.jar;C:\Users\mante\.m2\repository\io\micronaut\micronaut-retry\4.0.0\micronaut-retry-4.0.0.jar;C:\Users\mante\.m2\repository\io\micronaut\micronaut-context\4.0.0\micronaut-context-4.0.0.jar;C:\Users\mante\.m2\repository\io\micronaut\micronaut-core-reactive\4.0.0\micronaut-core-reactive-4.0.0.jar;C:\Users\mante\.m2\repository\io\micronaut\serde\micronaut-serde-jackson\2.0.1\micronaut-serde-jackson-2.0.1.jar;C:\Users\mante\.m2\repository\com\fasterxml\jackson\core\jackson-annotations\2.15.1\jackson-annotations-2.15.1.jar;C:\Users\mante\.m2\repository\io\micronaut\serde\micronaut-serde-api\2.0.1\micronaut-serde-api-2.0.1.jar;C:\Users\mante\.m2\repository\io\micronaut\serde\micronaut-serde-support\2.0.1\micronaut-serde-support-2.0.1.jar;C:\Users\mante\.m2\repository\io\swagger\core\v3\swagger-annotations\2.2.14\swagger-annotations-2.2.14.jar;C:\Users\mante\.m2\repository\ch\qos\logback\logback-classic\1.4.8\logback-classic-1.4.8.jar;C:\Users\mante\.m2\repository\ch\qos\logback\logback-core\1.4.8\logback-core-1.4.8.jar;C:\Users\mante\.m2\repository\org\projectlombok\lombok\1.18.28\lombok-1.18.28.jar;C:\Users\mante\.m2\repository\io\micronaut\micronaut-http-client\4.0.0\micronaut-http-client-4.0.0.jar;C:\Users\mante\.m2\repository\io\micronaut\micronaut-http-client-core\4.0.0\micronaut-http-client-core-4.0.0.jar;C:\Users\mante\.m2\repository\io\micronaut\micronaut-websocket\4.0.0\micronaut-websocket-4.0.0.jar;C:\Users\mante\.m2\repository\io\netty\netty-handler-proxy\4.1.94.Final\netty-handler-proxy-4.1.94.Final.jar;C:\Users\mante\.m2\repository\io\netty\netty-codec-socks\4.1.94.Final\netty-codec-socks-4.1.94.Final.jar;C:\Users\mante\.m2\repository\io\micronaut\test\micronaut-test-junit5\4.0.1\micronaut-test-junit5-4.0.1.jar;C:\Users\mante\.m2\repository\io\micronaut\test\micronaut-test-core\4.0.1\micronaut-test-core-4.0.1.jar;C:\Users\mante\.m2\repository\org\junit\jupiter\junit-jupiter-api\5.9.3\junit-jupiter-api-5.9.3.jar;C:\Users\mante\.m2\repository\org\opentest4j\opentest4j\1.2.0\opentest4j-1.2.0.jar;C:\Users\mante\.m2\repository\org\junit\platform\junit-platform-commons\1.9.3\junit-platform-commons-1.9.3.jar;C:\Users\mante\.m2\repository\org\apiguardian\apiguardian-api\1.1.2\apiguardian-api-1.1.2.jar;C:\Users\mante\.m2\repository\org\junit\jupiter\junit-jupiter-engine\5.9.3\junit-jupiter-engine-5.9.3.jar;C:\Users\mante\.m2\repository\org\junit\platform\junit-platform-engine\1.9.3\junit-platform-engine-1.9.3.jar;C:\Users\mante\.m2\repository\io\micronaut\kafka\micronaut-kafka\5.0.1\micronaut-kafka-5.0.1.jar;C:\Users\mante\.m2\repository\io\micronaut\micronaut-messaging\4.0.0\micronaut-messaging-4.0.0.jar;C:\Users\mante\.m2\repository\io\micronaut\micronaut-json-core\4.0.0\micronaut-json-core-4.0.0.jar;C:\Users\mante\.m2\repository\org\apache\kafka\kafka-clients\3.5.0\kafka-clients-3.5.0.jar;C:\Users\mante\.m2\repository\com\github\luben\zstd-jni\1.5.5-1\zstd-jni-1.5.5-1.jar;C:\Users\mante\.m2\repository\org\lz4\lz4-java\1.8.0\lz4-java-1.8.0.jar;C:\Users\mante\.m2\repository\org\xerial\snappy\snappy-java\1.1.10.0\snappy-java-1.1.10.0.jar;C:\Users\mante\.m2\repository\org\yaml\snakeyaml\2.0\snakeyaml-2.0.jar;C:\Users\mante\.m2\repository\io\micronaut\micronaut-runtime\4.0.0\micronaut-runtime-4.0.0.jar;C:\Users\mante\.m2\repository\io\micronaut\micronaut-aop\4.0.0\micronaut-aop-4.0.0.jar;C:\Users\mante\.m2\repository\io\micronaut\micronaut-discovery-core\4.0.0\micronaut-discovery-core-4.0.0.jar;C:\Users\mante\.m2\repository\io\micronaut\micronaut-context-propagation\4.0.0\micronaut-context-propagation-4.0.0.jar;C:\Users\mante\.m2\repository\io\micronaut\micronaut-http\4.0.0\micronaut-http-4.0.0.jar;C:\Users\mante\.m2\repository\io\micronaut\micronaut-inject-java\4.0.0\micronaut-inject-java-4.0.0.jar;C:\Users\mante\.m2\repository\io\micronaut\micronaut-core-processor\4.0.0\micronaut-core-processor-4.0.0.jar;C:\Users\mante\.m2\repository\org\ow2\asm\asm-tree\9.5\asm-tree-9.5.jar;C:\Users\mante\.m2\repository\org\ow2\asm\asm\9.5\asm-9.5.jar;C:\Users\mante\.m2\repository\org\ow2\asm\asm-commons\9.5\asm-commons-9.5.jar;C:\Users\mante\.m2\repository\com\github\javaparser\javaparser-symbol-solver-core\3.25.4\javaparser-symbol-solver-core-3.25.4.jar;C:\Users\mante\.m2\repository\com\github\javaparser\javaparser-core\3.25.4\javaparser-core-3.25.4.jar;C:\Users\mante\.m2\repository\io\micronaut\micronaut-inject\4.0.0\micronaut-inject-4.0.0.jar;C:\Users\mante\.m2\repository\jakarta\inject\jakarta.inject-api\2.0.1\jakarta.inject-api-2.0.1.jar;C:\Users\mante\.m2\repository\jakarta\annotation\jakarta.annotation-api\2.1.1\jakarta.annotation-api-2.1.1.jar;C:\Users\mante\.m2\repository\io\micronaut\data\micronaut-data-processor\4.0.1\micronaut-data-processor-4.0.1.jar;C:\Users\mante\.m2\repository\io\micronaut\data\micronaut-data-model\4.0.1\micronaut-data-model-4.0.1.jar;C:\Users\mante\.m2\repository\jakarta\persistence\jakarta.persistence-api\3.1.0\jakarta.persistence-api-3.1.0.jar;C:\Users\mante\.m2\repository\io\micronaut\data\micronaut-data-hibernate-jpa\4.0.1\micronaut-data-hibernate-jpa-4.0.1.jar;C:\Users\mante\.m2\repository\io\micronaut\data\micronaut-data-runtime\4.0.1\micronaut-data-runtime-4.0.1.jar;C:\Users\mante\.m2\repository\io\micronaut\data\micronaut-data-tx\4.0.1\micronaut-data-tx-4.0.1.jar;C:\Users\mante\.m2\repository\io\micronaut\data\micronaut-data-connection\4.0.1\micronaut-data-connection-4.0.1.jar;C:\Users\mante\.m2\repository\io\micronaut\data\micronaut-data-tx-hibernate\4.0.1\micronaut-data-tx-hibernate-4.0.1.jar;C:\Users\mante\.m2\repository\io\micronaut\data\micronaut-data-tx-jdbc\4.0.1\micronaut-data-tx-jdbc-4.0.1.jar;C:\Users\mante\.m2\repository\io\micronaut\data\micronaut-data-connection-jdbc\4.0.1\micronaut-data-connection-jdbc-4.0.1.jar;C:\Users\mante\.m2\repository\io\micronaut\data\micronaut-data-connection-hibernate\4.0.1\micronaut-data-connection-hibernate-4.0.1.jar;C:\Users\mante\.m2\repository\io\micronaut\data\micronaut-data-jpa\4.0.1\micronaut-data-jpa-4.0.1.jar;C:\Users\mante\.m2\repository\org\hibernate\orm\hibernate-core\6.2.6.Final\hibernate-core-6.2.6.Final.jar;C:\Users\mante\.m2\repository\jakarta\transaction\jakarta.transaction-api\2.0.1\jakarta.transaction-api-2.0.1.jar;C:\Users\mante\.m2\repository\org\jboss\logging\jboss-logging\3.5.0.Final\jboss-logging-3.5.0.Final.jar;C:\Users\mante\.m2\repository\org\hibernate\common\hibernate-commons-annotations\6.0.6.Final\hibernate-commons-annotations-6.0.6.Final.jar;C:\Users\mante\.m2\repository\io\smallrye\jandex\3.0.5\jandex-3.0.5.jar;C:\Users\mante\.m2\repository\com\fasterxml\classmate\1.5.1\classmate-1.5.1.jar;C:\Users\mante\.m2\repository\net\bytebuddy\byte-buddy\1.12.18\byte-buddy-1.12.18.jar;C:\Users\mante\.m2\repository\jakarta\xml\bind\jakarta.xml.bind-api\4.0.0\jakarta.xml.bind-api-4.0.0.jar;C:\Users\mante\.m2\repository\jakarta\activation\jakarta.activation-api\2.1.0\jakarta.activation-api-2.1.0.jar;C:\Users\mante\.m2\repository\org\glassfish\jaxb\jaxb-runtime\4.0.2\jaxb-runtime-4.0.2.jar;C:\Users\mante\.m2\repository\org\glassfish\jaxb\jaxb-core\4.0.2\jaxb-core-4.0.2.jar;C:\Users\mante\.m2\repository\org\eclipse\angus\angus-activation\2.0.0\angus-activation-2.0.0.jar;C:\Users\mante\.m2\repository\org\glassfish\jaxb\txw2\4.0.2\txw2-4.0.2.jar;C:\Users\mante\.m2\repository\com\sun\istack\istack-commons-runtime\4.1.1\istack-commons-runtime-4.1.1.jar;C:\Users\mante\.m2\repository\org\antlr\antlr4-runtime\4.10.1\antlr4-runtime-4.10.1.jar;C:\Users\mante\.m2\repository\io\micronaut\sql\micronaut-hibernate-jpa\5.0.1\micronaut-hibernate-jpa-5.0.1.jar;C:\Users\mante\.m2\repository\io\micronaut\validation\micronaut-validation\4.0.1\micronaut-validation-4.0.1.jar;C:\Users\mante\.m2\repository\jakarta\validation\jakarta.validation-api\3.0.2\jakarta.validation-api-3.0.2.jar;C:\Users\mante\.m2\repository\io\micronaut\reactor\micronaut-reactor\3.0.1\micronaut-reactor-3.0.1.jar;C:\Users\mante\.m2\repository\com\h2database\h2\2.2.220\h2-2.2.220.jar;C:\Users\mante\.m2\repository\io\micronaut\sql\micronaut-jdbc-tomcat\5.0.1\micronaut-jdbc-tomcat-5.0.1.jar;C:\Users\mante\.m2\repository\io\micronaut\sql\micronaut-jdbc\5.0.1\micronaut-jdbc-5.0.1.jar;C:\Users\mante\.m2\repository\org\apache\tomcat\tomcat-jdbc\10.1.11\tomcat-jdbc-10.1.11.jar;C:\Users\mante\.m2\repository\org\apache\tomcat\tomcat-juli\10.1.11\tomcat-juli-10.1.11.jar;C:\Users\mante\.m2\repository\org\mapstruct\mapstruct\1.5.5.Final\mapstruct-1.5.5.Final.jar;"/>
    <property name="java.vm.vendor" value="Amazon.com Inc."/>
    <property name="sun.arch.data.model" value="64"/>
    <property name="user.variant" value=""/>
    <property name="java.vendor.url" value="https://aws.amazon.com/corretto/"/>
    <property name="user.timezone" value="America/Sao_Paulo"/>
    <property name="os.name" value="Windows 10"/>
    <property name="java.vm.specification.version" value="17"/>
    <property name="sun.java.launcher" value="SUN_STANDARD"/>
    <property name="user.country" value="BR"/>
    <property name="sun.boot.library.path" value="C:\Users\mante\.jdks\corretto-17.0.6\bin"/>
    <property name="sun.java.command" value="C:\Users\mante\AppData\Local\Temp\surefire8174069061616132263\surefirebooter-20240107211242624_3.jar C:\Users\mante\AppData\Local\Temp\surefire8174069061616132263 2024-01-07T21-12-42_514-jvmRun1 surefire-20240107211242624_1tmp surefire_0-20240107211242624_2tmp"/>
    <property name="jdk.debug" value="release"/>
    <property name="surefire.test.class.path" value="D:\demo\target\test-classes;D:\demo\target\classes;C:\Users\mante\.m2\repository\io\micronaut\micronaut-http-server-netty\4.0.0\micronaut-http-server-netty-4.0.0.jar;C:\Users\mante\.m2\repository\org\slf4j\slf4j-api\2.0.7\slf4j-api-2.0.7.jar;C:\Users\mante\.m2\repository\io\micronaut\micronaut-http-server\4.0.0\micronaut-http-server-4.0.0.jar;C:\Users\mante\.m2\repository\io\micronaut\micronaut-router\4.0.0\micronaut-router-4.0.0.jar;C:\Users\mante\.m2\repository\io\micronaut\micronaut-core\4.0.0\micronaut-core-4.0.0.jar;C:\Users\mante\.m2\repository\io\micronaut\micronaut-http-netty\4.0.0\micronaut-http-netty-4.0.0.jar;C:\Users\mante\.m2\repository\io\micronaut\micronaut-buffer-netty\4.0.0\micronaut-buffer-netty-4.0.0.jar;C:\Users\mante\.m2\repository\io\netty\netty-codec-http2\4.1.94.Final\netty-codec-http2-4.1.94.Final.jar;C:\Users\mante\.m2\repository\io\netty\netty-handler\4.1.94.Final\netty-handler-4.1.94.Final.jar;C:\Users\mante\.m2\repository\io\netty\netty-resolver\4.1.94.Final\netty-resolver-4.1.94.Final.jar;C:\Users\mante\.m2\repository\io\netty\netty-transport-native-unix-common\4.1.94.Final\netty-transport-native-unix-common-4.1.94.Final.jar;C:\Users\mante\.m2\repository\io\netty\netty-codec-http\4.1.94.Final\netty-codec-http-4.1.94.Final.jar;C:\Users\mante\.m2\repository\io\netty\netty-common\4.1.94.Final\netty-common-4.1.94.Final.jar;C:\Users\mante\.m2\repository\io\netty\netty-buffer\4.1.94.Final\netty-buffer-4.1.94.Final.jar;C:\Users\mante\.m2\repository\io\netty\netty-transport\4.1.94.Final\netty-transport-4.1.94.Final.jar;C:\Users\mante\.m2\repository\io\netty\netty-codec\4.1.94.Final\netty-codec-4.1.94.Final.jar;C:\Users\mante\.m2\repository\io\projectreactor\reactor-core\3.5.7\reactor-core-3.5.7.jar;C:\Users\mante\.m2\repository\org\reactivestreams\reactive-streams\1.0.4\reactive-streams-1.0.4.jar;C:\Users\mante\.m2\repository\io\micronaut\micronaut-jackson-databind\4.0.0\micronaut-jackson-databind-4.0.0.jar;C:\Users\mante\.m2\repository\io\micronaut\micronaut-jackson-core\4.0.0\micronaut-jackson-core-4.0.0.jar;C:\Users\mante\.m2\repository\com\fasterxml\jackson\core\jackson-core\2.15.1\jackson-core-2.15.1.jar;C:\Users\mante\.m2\repository\com\fasterxml\jackson\core\jackson-databind\2.15.2\jackson-databind-2.15.2.jar;C:\Users\mante\.m2\repository\com\fasterxml\jackson\datatype\jackson-datatype-jdk8\2.15.1\jackson-datatype-jdk8-2.15.1.jar;C:\Users\mante\.m2\repository\com\fasterxml\jackson\datatype\jackson-datatype-jsr310\2.15.1\jackson-datatype-jsr310-2.15.1.jar;C:\Users\mante\.m2\repository\io\micronaut\micronaut-retry\4.0.0\micronaut-retry-4.0.0.jar;C:\Users\mante\.m2\repository\io\micronaut\micronaut-context\4.0.0\micronaut-context-4.0.0.jar;C:\Users\mante\.m2\repository\io\micronaut\micronaut-core-reactive\4.0.0\micronaut-core-reactive-4.0.0.jar;C:\Users\mante\.m2\repository\io\micronaut\serde\micronaut-serde-jackson\2.0.1\micronaut-serde-jackson-2.0.1.jar;C:\Users\mante\.m2\repository\com\fasterxml\jackson\core\jackson-annotations\2.15.1\jackson-annotations-2.15.1.jar;C:\Users\mante\.m2\repository\io\micronaut\serde\micronaut-serde-api\2.0.1\micronaut-serde-api-2.0.1.jar;C:\Users\mante\.m2\repository\io\micronaut\serde\micronaut-serde-support\2.0.1\micronaut-serde-support-2.0.1.jar;C:\Users\mante\.m2\repository\io\swagger\core\v3\swagger-annotations\2.2.14\swagger-annotations-2.2.14.jar;C:\Users\mante\.m2\repository\ch\qos\logback\logback-classic\1.4.8\logback-classic-1.4.8.jar;C:\Users\mante\.m2\repository\ch\qos\logback\logback-core\1.4.8\logback-core-1.4.8.jar;C:\Users\mante\.m2\repository\org\projectlombok\lombok\1.18.28\lombok-1.18.28.jar;C:\Users\mante\.m2\repository\io\micronaut\micronaut-http-client\4.0.0\micronaut-http-client-4.0.0.jar;C:\Users\mante\.m2\repository\io\micronaut\micronaut-http-client-core\4.0.0\micronaut-http-client-core-4.0.0.jar;C:\Users\mante\.m2\repository\io\micronaut\micronaut-websocket\4.0.0\micronaut-websocket-4.0.0.jar;C:\Users\mante\.m2\repository\io\netty\netty-handler-proxy\4.1.94.Final\netty-handler-proxy-4.1.94.Final.jar;C:\Users\mante\.m2\repository\io\netty\netty-codec-socks\4.1.94.Final\netty-codec-socks-4.1.94.Final.jar;C:\Users\mante\.m2\repository\io\micronaut\test\micronaut-test-junit5\4.0.1\micronaut-test-junit5-4.0.1.jar;C:\Users\mante\.m2\repository\io\micronaut\test\micronaut-test-core\4.0.1\micronaut-test-core-4.0.1.jar;C:\Users\mante\.m2\repository\org\junit\jupiter\junit-jupiter-api\5.9.3\junit-jupiter-api-5.9.3.jar;C:\Users\mante\.m2\repository\org\opentest4j\opentest4j\1.2.0\opentest4j-1.2.0.jar;C:\Users\mante\.m2\repository\org\junit\platform\junit-platform-commons\1.9.3\junit-platform-commons-1.9.3.jar;C:\Users\mante\.m2\repository\org\apiguardian\apiguardian-api\1.1.2\apiguardian-api-1.1.2.jar;C:\Users\mante\.m2\repository\org\junit\jupiter\junit-jupiter-engine\5.9.3\junit-jupiter-engine-5.9.3.jar;C:\Users\mante\.m2\repository\org\junit\platform\junit-platform-engine\1.9.3\junit-platform-engine-1.9.3.jar;C:\Users\mante\.m2\repository\io\micronaut\kafka\micronaut-kafka\5.0.1\micronaut-kafka-5.0.1.jar;C:\Users\mante\.m2\repository\io\micronaut\micronaut-messaging\4.0.0\micronaut-messaging-4.0.0.jar;C:\Users\mante\.m2\repository\io\micronaut\micronaut-json-core\4.0.0\micronaut-json-core-4.0.0.jar;C:\Users\mante\.m2\repository\org\apache\kafka\kafka-clients\3.5.0\kafka-clients-3.5.0.jar;C:\Users\mante\.m2\repository\com\github\luben\zstd-jni\1.5.5-1\zstd-jni-1.5.5-1.jar;C:\Users\mante\.m2\repository\org\lz4\lz4-java\1.8.0\lz4-java-1.8.0.jar;C:\Users\mante\.m2\repository\org\xerial\snappy\snappy-java\1.1.10.0\snappy-java-1.1.10.0.jar;C:\Users\mante\.m2\repository\org\yaml\snakeyaml\2.0\snakeyaml-2.0.jar;C:\Users\mante\.m2\repository\io\micronaut\micronaut-runtime\4.0.0\micronaut-runtime-4.0.0.jar;C:\Users\mante\.m2\repository\io\micronaut\micronaut-aop\4.0.0\micronaut-aop-4.0.0.jar;C:\Users\mante\.m2\repository\io\micronaut\micronaut-discovery-core\4.0.0\micronaut-discovery-core-4.0.0.jar;C:\Users\mante\.m2\repository\io\micronaut\micronaut-context-propagation\4.0.0\micronaut-context-propagation-4.0.0.jar;C:\Users\mante\.m2\repository\io\micronaut\micronaut-http\4.0.0\micronaut-http-4.0.0.jar;C:\Users\mante\.m2\repository\io\micronaut\micronaut-inject-java\4.0.0\micronaut-inject-java-4.0.0.jar;C:\Users\mante\.m2\repository\io\micronaut\micronaut-core-processor\4.0.0\micronaut-core-processor-4.0.0.jar;C:\Users\mante\.m2\repository\org\ow2\asm\asm-tree\9.5\asm-tree-9.5.jar;C:\Users\mante\.m2\repository\org\ow2\asm\asm\9.5\asm-9.5.jar;C:\Users\mante\.m2\repository\org\ow2\asm\asm-commons\9.5\asm-commons-9.5.jar;C:\Users\mante\.m2\repository\com\github\javaparser\javaparser-symbol-solver-core\3.25.4\javaparser-symbol-solver-core-3.25.4.jar;C:\Users\mante\.m2\repository\com\github\javaparser\javaparser-core\3.25.4\javaparser-core-3.25.4.jar;C:\Users\mante\.m2\repository\io\micronaut\micronaut-inject\4.0.0\micronaut-inject-4.0.0.jar;C:\Users\mante\.m2\repository\jakarta\inject\jakarta.inject-api\2.0.1\jakarta.inject-api-2.0.1.jar;C:\Users\mante\.m2\repository\jakarta\annotation\jakarta.annotation-api\2.1.1\jakarta.annotation-api-2.1.1.jar;C:\Users\mante\.m2\repository\io\micronaut\data\micronaut-data-processor\4.0.1\micronaut-data-processor-4.0.1.jar;C:\Users\mante\.m2\repository\io\micronaut\data\micronaut-data-model\4.0.1\micronaut-data-model-4.0.1.jar;C:\Users\mante\.m2\repository\jakarta\persistence\jakarta.persistence-api\3.1.0\jakarta.persistence-api-3.1.0.jar;C:\Users\mante\.m2\repository\io\micronaut\data\micronaut-data-hibernate-jpa\4.0.1\micronaut-data-hibernate-jpa-4.0.1.jar;C:\Users\mante\.m2\repository\io\micronaut\data\micronaut-data-runtime\4.0.1\micronaut-data-runtime-4.0.1.jar;C:\Users\mante\.m2\repository\io\micronaut\data\micronaut-data-tx\4.0.1\micronaut-data-tx-4.0.1.jar;C:\Users\mante\.m2\repository\io\micronaut\data\micronaut-data-connection\4.0.1\micronaut-data-connection-4.0.1.jar;C:\Users\mante\.m2\repository\io\micronaut\data\micronaut-data-tx-hibernate\4.0.1\micronaut-data-tx-hibernate-4.0.1.jar;C:\Users\mante\.m2\repository\io\micronaut\data\micronaut-data-tx-jdbc\4.0.1\micronaut-data-tx-jdbc-4.0.1.jar;C:\Users\mante\.m2\repository\io\micronaut\data\micronaut-data-connection-jdbc\4.0.1\micronaut-data-connection-jdbc-4.0.1.jar;C:\Users\mante\.m2\repository\io\micronaut\data\micronaut-data-connection-hibernate\4.0.1\micronaut-data-connection-hibernate-4.0.1.jar;C:\Users\mante\.m2\repository\io\micronaut\data\micronaut-data-jpa\4.0.1\micronaut-data-jpa-4.0.1.jar;C:\Users\mante\.m2\repository\org\hibernate\orm\hibernate-core\6.2.6.Final\hibernate-core-6.2.6.Final.jar;C:\Users\mante\.m2\repository\jakarta\transaction\jakarta.transaction-api\2.0.1\jakarta.transaction-api-2.0.1.jar;C:\Users\mante\.m2\repository\org\jboss\logging\jboss-logging\3.5.0.Final\jboss-logging-3.5.0.Final.jar;C:\Users\mante\.m2\repository\org\hibernate\common\hibernate-commons-annotations\6.0.6.Final\hibernate-commons-annotations-6.0.6.Final.jar;C:\Users\mante\.m2\repository\io\smallrye\jandex\3.0.5\jandex-3.0.5.jar;C:\Users\mante\.m2\repository\com\fasterxml\classmate\1.5.1\classmate-1.5.1.jar;C:\Users\mante\.m2\repository\net\bytebuddy\byte-buddy\1.12.18\byte-buddy-1.12.18.jar;C:\Users\mante\.m2\repository\jakarta\xml\bind\jakarta.xml.bind-api\4.0.0\jakarta.xml.bind-api-4.0.0.jar;C:\Users\mante\.m2\repository\jakarta\activation\jakarta.activation-api\2.1.0\jakarta.activation-api-2.1.0.jar;C:\Users\mante\.m2\repository\org\glassfish\jaxb\jaxb-runtime\4.0.2\jaxb-runtime-4.0.2.jar;C:\Users\mante\.m2\repository\org\glassfish\jaxb\jaxb-core\4.0.2\jaxb-core-4.0.2.jar;C:\Users\mante\.m2\repository\org\eclipse\angus\angus-activation\2.0.0\angus-activation-2.0.0.jar;C:\Users\mante\.m2\repository\org\glassfish\jaxb\txw2\4.0.2\txw2-4.0.2.jar;C:\Users\mante\.m2\repository\com\sun\istack\istack-commons-runtime\4.1.1\istack-commons-runtime-4.1.1.jar;C:\Users\mante\.m2\repository\org\antlr\antlr4-runtime\4.10.1\antlr4-runtime-4.10.1.jar;C:\Users\mante\.m2\repository\io\micronaut\sql\micronaut-hibernate-jpa\5.0.1\micronaut-hibernate-jpa-5.0.1.jar;C:\Users\mante\.m2\repository\io\micronaut\validation\micronaut-validation\4.0.1\micronaut-validation-4.0.1.jar;C:\Users\mante\.m2\repository\jakarta\validation\jakarta.validation-api\3.0.2\jakarta.validation-api-3.0.2.jar;C:\Users\mante\.m2\repository\io\micronaut\reactor\micronaut-reactor\3.0.1\micronaut-reactor-3.0.1.jar;C:\Users\mante\.m2\repository\com\h2database\h2\2.2.220\h2-2.2.220.jar;C:\Users\mante\.m2\repository\io\micronaut\sql\micronaut-jdbc-tomcat\5.0.1\micronaut-jdbc-tomcat-5.0.1.jar;C:\Users\mante\.m2\repository\io\micronaut\sql\micronaut-jdbc\5.0.1\micronaut-jdbc-5.0.1.jar;C:\Users\mante\.m2\repository\org\apache\tomcat\tomcat-jdbc\10.1.11\tomcat-jdbc-10.1.11.jar;C:\Users\mante\.m2\repository\org\apache\tomcat\tomcat-juli\10.1.11\tomcat-juli-10.1.11.jar;C:\Users\mante\.m2\repository\org\mapstruct\mapstruct\1.5.5.Final\mapstruct-1.5.5.Final.jar;"/>
    <property name="sun.cpu.endian" value="little"/>
    <property name="user.home" value="C:\Users\mante"/>
    <property name="user.language" value="pt"/>
    <property name="java.specification.vendor" value="Oracle Corporation"/>
    <property name="io.netty.allocator.maxOrder" value="3"/>
    <property name="java.version.date" value="2023-01-17"/>
    <property name="java.home" value="C:\Users\mante\.jdks\corretto-17.0.6"/>
    <property name="file.separator" value="\"/>
    <property name="basedir" value="D:\demo"/>
    <property name="java.vm.compressedOopsMode" value="Zero based"/>
    <property name="line.separator" value="&#10;"/>
    <property name="java.vm.specification.vendor" value="Oracle Corporation"/>
    <property name="java.specification.name" value="Java Platform API Specification"/>
    <property name="surefire.real.class.path" value="C:\Users\mante\AppData\Local\Temp\surefire8174069061616132263\surefirebooter-20240107211242624_3.jar"/>
    <property name="user.script" value=""/>
    <property name="sun.management.compiler" value="HotSpot 64-Bit Tiered Compilers"/>
    <property name="java.runtime.version" value="17.0.6+10-LTS"/>
    <property name="user.name" value="mante"/>
    <property name="path.separator" value=";"/>
    <property name="os.version" value="10.0"/>
    <property name="java.runtime.name" value="OpenJDK Runtime Environment"/>
    <property name="file.encoding" value="Cp1252"/>
    <property name="java.vm.name" value="OpenJDK 64-Bit Server VM"/>
    <property name="java.vendor.version" value="Corretto-17.0.6.10.1"/>
    <property name="localRepository" value="C:\Users\mante\.m2\repository"/>
    <property name="micronaut.classloader.logging" value="true"/>
    <property name="java.vendor.url.bug" value="https://github.com/corretto/corretto-17/issues/"/>
    <property name="java.io.tmpdir" value="C:\Users\mante\AppData\Local\Temp\"/>
    <property name="idea.version" value="2022.2.4"/>
    <property name="java.version" value="17.0.6"/>
    <property name="user.dir" value="D:\demo"/>
    <property name="os.arch" value="amd64"/>
    <property name="java.vm.specification.name" value="Java Virtual Machine Specification"/>
    <property name="sun.os.patch.level" value=""/>
    <property name="native.encoding" value="Cp1252"/>
    <property name="java.library.path" value="C:\Users\mante\.jdks\corretto-17.0.6\bin;C:\WINDOWS\Sun\Java\bin;C:\WINDOWS\system32;C:\WINDOWS;C:\Program Files (x86)\Common Files\Oracle\Java\javapath;C:\Python311\Scripts\;C:\Python311\;C:\Program Files (x86)\NVIDIA Corporation\PhysX\Common;C:\Program Files (x86)\Microsoft SDKs\Azure\CLI2\wbin;C:\WINDOWS\system32;C:\WINDOWS;C:\WINDOWS\System32\Wbem;C:\WINDOWS\System32\WindowsPowerShell\v1.0\;C:\WINDOWS\System32\OpenSSH\;C:\Program Files\dotnet\;D:\Program Files\Git\cmd;C:\Program Files (x86)\Microsoft SQL Server\150\DTS\Binn\;C:\Program Files\Microsoft SQL Server\130\Tools\Binn\;C:\Program Files\Microsoft SQL Server\Client SDK\ODBC\170\Tools\Binn\;C:\Program Files\PuTTY\;C:\Program Files (x86)\dotnet\;C:\Users\mante\AppData\Local\Programs\Python\Python39;C:\Users\mante\AppData\Local\Programs\Python\Python39\Scripts;C:\Program Files\Docker\Docker\resources\bin;C:\ProgramData\DockerDesktop\version-bin;C:\ProgramData\chocolatey\bin;D:\Program Files\nodejs\;C:\Program Files\Go\bin;C:\Program Files\MySQL\MySQL Server 8.0\bin;C:\Program Files\MySQL\MySQL Shell 8.0\bin\;C:\Program Files\MySQL\MySQL Shell 8.0\bin;C:\Users\mante\AppData\Local\Programs\Python\Python310\Scripts\;C:\Users\mante\AppData\Local\Programs\Python\Python310\;C:\Users\mante\AppData\Local\Microsoft\WindowsApps;D:\Users\mante\AppData\Local\Programs\Microsoft VS Code\bin;C:\Users\mante\.dotnet\tools;C:\Users\mante\.dotnet\tools;C:\Users\mante\AppData\Roaming\npm\node_modules\@angular\cli\bin;C:\Users\mante\AppData\Local\Microsoft\WindowsApps;C:\Users\mante\AppData\Roaming\npm;C:\Users\mante\go\bin;."/>
    <property name="java.vm.info" value="mixed mode, sharing"/>
    <property name="java.vendor" value="Amazon.com Inc."/>
    <property name="java.vm.version" value="17.0.6+10-LTS"/>
    <property name="sun.io.unicode.encoding" value="UnicodeLittle"/>
    <property name="java.class.version" value="61.0"/>
  </properties>
  <testcase name="testItWorks" classname="com.example.DemoTest" time="0.066">
    <system-out><![CDATA[21:12:43.675 [main] INFO  i.m.c.DefaultApplicationContext$RuntimeConfiguredEnvironment - Established active environments: [test]
21:12:44.042 [main] INFO  org.hibernate.Version - HHH000412: Hibernate ORM core version 6.2.6.Final
21:12:44.044 [main] INFO  org.hibernate.cfg.Environment - HHH000406: Using bytecode reflection optimizer
21:12:44.730 [main] INFO  o.h.b.i.BytecodeProviderInitiator - HHH000021: Bytecode provider name : bytebuddy
Hibernate: 
    create table payment_request (
        id bigint generated by default as identity,
        amount numeric(38,2) not null,
        last_updated_time timestamp(6) not null,
        cpf varchar(255),
        name varchar(255),
        payment_type varchar(255) not null,
        request_date timestamp(6) not null,
        primary key (id)
    )
]]></system-out>
  </testcase>
</testsuite>